<?xml version="1.0" encoding="UTF-8"?>
<!-- Generated by org.testng.reporters.JUnitReportReporter -->
<testsuite hostname="DESKTOP-ACRI0R8" failures="0" tests="2" name="Annotations.AnnotationsDemo" time="0.023" errors="0" timestamp="2024-06-30T15:20:42 IST" skipped="0">
  <testcase classname="Annotations.AnnotationsDemo" name="login" time="0.016"/>
  <system-out/>
  <testcase classname="Annotations.AnnotationsDemo" name="details" time="0.007"/>
  <system-out/>
</testsuite> <!-- Annotations.AnnotationsDemo -->
