<?xml version="1.0" encoding="UTF-8"?>
<!-- Generated by org.testng.reporters.JUnitReportReporter -->
<testsuite hostname="DESKTOP-ACRI0R8" failures="0" tests="1" name="pageFactoryDesign.testcasedemo" time="0.468" errors="0" timestamp="2024-07-17T22:18:29 IST" skipped="0">
  <testcase classname="pageFactoryDesign.testcasedemo" name="test_txtboxes" time="0.468"/>
  <system-out/>
</testsuite> <!-- pageFactoryDesign.testcasedemo -->
