<?xml version="1.0" encoding="UTF-8"?>
<!-- Generated by org.testng.reporters.JUnitReportReporter -->
<testsuite hostname="DESKTOP-ACRI0R8" failures="0" tests="1" name="PageObjectModel.loginTest2" time="3.139" errors="0" timestamp="2024-07-16T21:00:13 IST" skipped="0">
  <testcase classname="PageObjectModel.loginTest2" name="test2" time="3.139"/>
  <system-out/>
</testsuite> <!-- PageObjectModel.loginTest2 -->
