<?xml version="1.0" encoding="UTF-8"?>
<!-- Generated by org.testng.reporters.JUnitReportReporter -->
<testsuite hostname="DESKTOP-ACRI0R8" failures="0" tests="1" name="PageObjectModel.LoginTest" time="3.284" errors="0" timestamp="2024-07-16T20:59:37 IST" skipped="0">
  <testcase classname="PageObjectModel.LoginTest" name="test" time="3.284"/>
  <system-out/>
</testsuite> <!-- PageObjectModel.LoginTest -->
