<?xml version="1.0" encoding="UTF-8"?>
<!-- Generated by org.testng.reporters.JUnitReportReporter -->
<testsuite hostname="DESKTOP-ACRI0R8" failures="0" tests="2" name="TestngGroups.TestThree" time="0.019" errors="0" timestamp="2024-07-04T20:04:36 IST" skipped="0">
  <testcase classname="TestngGroups.TestThree" name="logoutGmail" time="0.017"/>
  <system-out/>
  <testcase classname="TestngGroups.TestThree" name="logoutFlikart" time="0.002"/>
  <system-out/>
</testsuite> <!-- TestngGroups.TestThree -->
