<?xml version="1.0" encoding="UTF-8"?>
<!-- Generated by org.testng.reporters.JUnitReportReporter -->
<testsuite hostname="DESKTOP-ACRI0R8" failures="0" tests="3" name="Testng.Demo" time="0.029" errors="0" timestamp="2024-06-28T22:48:20 IST" skipped="0">
  <testcase classname="Testng.Demo" name="appLaunch" time="0.019"/>
  <system-out/>
  <testcase classname="Testng.Demo" name="logoIdentify" time="0.004"/>
  <system-out/>
  <testcase classname="Testng.Demo" name="closeApp" time="0.006"/>
  <system-out/>
</testsuite> <!-- Testng.Demo -->
