<?xml version="1.0" encoding="UTF-8"?>
<!-- Generated by org.testng.reporters.JUnitReportReporter -->
<testsuite hostname="DESKTOP-ACRI0R8" failures="0" tests="3" name="TestngGroups.TestTwo" time="0.007" errors="0" timestamp="2024-07-04T20:04:36 IST" skipped="0">
  <testcase classname="TestngGroups.TestTwo" name="signUp" time="0.002"/>
  <system-out/>
  <testcase classname="TestngGroups.TestTwo" name="signUpFlipkart" time="0.003"/>
  <system-out/>
  <testcase classname="TestngGroups.TestTwo" name="signUpGmail" time="0.002"/>
  <system-out/>
</testsuite> <!-- TestngGroups.TestTwo -->
