<?xml version="1.0" encoding="UTF-8"?>
<!-- Generated by org.testng.reporters.JUnitReportReporter -->
<testsuite hostname="DESKTOP-ACRI0R8" failures="0" tests="3" name="Testng.FirstClass" time="0.026" errors="0" timestamp="2024-06-28T22:02:21 IST" skipped="0">
  <testcase classname="Testng.FirstClass" name="closeApp" time="0.018"/>
  <testcase classname="Testng.FirstClass" name="appLaunch" time="0.005"/>
  <testcase classname="Testng.FirstClass" name="logoIdentify" time="0.003"/>
</testsuite> <!-- Testng.FirstClass -->
