<?xml version="1.0" encoding="UTF-8"?>
<!-- Generated by org.testng.reporters.JUnitReportReporter -->
<testsuite hostname="DESKTOP-ACRI0R8" failures="0" tests="1" name="PageObjectModel2.SearchTest" time="1.959" errors="0" timestamp="2024-07-17T08:06:39 IST" skipped="0">
  <testcase classname="PageObjectModel2.SearchTest" name="test" time="1.959"/>
  <system-out/>
</testsuite> <!-- PageObjectModel2.SearchTest -->
