<?xml version="1.0" encoding="UTF-8"?>
<!-- Generated by org.testng.reporters.JUnitReportReporter -->
<testsuite hostname="DESKTOP-ACRI0R8" failures="0" tests="4" name="TestngDependencey.Dependency" time="0.024" errors="0" timestamp="2024-07-04T19:14:48 IST" skipped="0">
  <testcase classname="TestngDependencey.Dependency" name="openApp" time="0.017"/>
  <system-out/>
  <testcase classname="TestngDependencey.Dependency" name="Login" time="0.002"/>
  <system-out/>
  <testcase classname="TestngDependencey.Dependency" name="Search" time="0.002"/>
  <system-out/>
  <testcase classname="TestngDependencey.Dependency" name="logout" time="0.003"/>
  <system-out/>
</testsuite> <!-- TestngDependencey.Dependency -->
