<?xml version="1.0" encoding="UTF-8"?>
<!-- Generated by org.testng.reporters.JUnitReportReporter -->
<testsuite hostname="DESKTOP-ACRI0R8" failures="0" tests="3" name="Testng.FirstTest" time="33.595" errors="0" timestamp="2024-06-30T14:40:53 IST" skipped="0">
  <testcase classname="Testng.FirstTest" name="openApp" time="31.423"/>
  <system-out/>
  <testcase classname="Testng.FirstTest" name="AppLogo" time="1.625"/>
  <system-out/>
  <testcase classname="Testng.FirstTest" name="AppClose" time="0.547"/>
  <system-out/>
</testsuite> <!-- Testng.FirstTest -->
