<?xml version="1.0" encoding="UTF-8"?>
<!-- Generated by org.testng.reporters.JUnitReportReporter -->
<testsuite hostname="DESKTOP-ACRI0R8" failures="0" tests="1" name="pageFactoryDesign.testcase" time="0.512" errors="0" timestamp="2024-07-17T21:24:06 IST" skipped="0">
  <testcase classname="pageFactoryDesign.testcase" name="txtEnter" time="0.512"/>
  <system-out/>
</testsuite> <!-- pageFactoryDesign.testcase -->
