<?xml version="1.0" encoding="UTF-8"?>
<!-- Generated by org.testng.reporters.JUnitReportReporter -->
<testsuite hostname="DESKTOP-ACRI0R8" failures="0" tests="1" name="DataProvider_Parralel.DataProvider" time="4.248" errors="0" timestamp="2024-07-08T07:36:24 IST" skipped="0">
  <testcase classname="DataProvider_Parralel.DataProvider" name="login" time="4.248"/>
  <system-out/>
</testsuite> <!-- DataProvider_Parralel.DataProvider -->
