<?xml version="1.0" encoding="UTF-8"?>
<!-- Generated by org.testng.reporters.JUnitReportReporter -->
<testsuite hostname="DESKTOP-ACRI0R8" failures="0" tests="3" name="TestngGroups.TestOne" time="0.021" errors="0" timestamp="2024-07-04T20:05:33 IST" skipped="0">
  <testcase classname="TestngGroups.TestOne" name="loginEmail" time="0.016"/>
  <system-out/>
  <testcase classname="TestngGroups.TestOne" name="loginOpenkart" time="0.003"/>
  <system-out/>
  <testcase classname="TestngGroups.TestOne" name="loginTwitter" time="0.002"/>
  <system-out/>
</testsuite> <!-- TestngGroups.TestOne -->
