<?xml version="1.0" encoding="UTF-8"?>
<!-- Generated by org.testng.reporters.JUnitReportReporter -->
<testsuite hostname="DESKTOP-ACRI0R8" failures="0" tests="6" name="DataProvider_Parralel.ParallelTestDemo" time="10.539" errors="0" timestamp="2024-07-11T20:21:12 IST" skipped="0">
  <testcase classname="DataProvider_Parralel.ParallelTestDemo" name="testUrl" time="0.031"/>
  <system-out/>
  <testcase classname="DataProvider_Parralel.ParallelTestDemo" name="testUrl" time="0.217"/>
  <system-out/>
  <testcase classname="DataProvider_Parralel.ParallelTestDemo" name="testTitle" time="0.013"/>
  <system-out/>
  <testcase classname="DataProvider_Parralel.ParallelTestDemo" name="testTitle" time="0.031"/>
  <system-out/>
  <testcase classname="DataProvider_Parralel.ParallelTestDemo" name="testLogo" time="5.059"/>
  <system-out/>
  <testcase classname="DataProvider_Parralel.ParallelTestDemo" name="testLogo" time="5.188"/>
  <system-out/>
</testsuite> <!-- DataProvider_Parralel.ParallelTestDemo -->
